{
  "RSpec": {
    "coverage": {
      "/home/austin/ruby/football_manager/app/helpers/application_helper.rb": {
        "lines": [
          null,
          null,
          1,
          null
        ]
      },
      "/home/austin/ruby/football_manager/app/helpers/players_helper.rb": {
        "lines": [
          null,
          null,
          1,
          1,
          72,
          null,
          0,
          0,
          0,
          null,
          0,
          null,
          null
        ]
      },
      "/home/austin/ruby/football_manager/app/helpers/squads_helper.rb": {
        "lines": [
          null,
          null,
          1,
          1,
          5,
          null,
          null,
          null,
          null,
          null,
          null,
          null,
          null,
          null,
          null,
          null,
          null,
          null,
          1,
          1,
          5,
          5,
          5,
          null,
          5,
          1,
          3,
          1,
          0,
          null,
          null,
          5,
          null,
          null,
          null,
          1,
          null,
          null,
          153,
          null,
          null,
          null,
          null,
          null,
          null,
          null,
          null,
          null,
          null,
          null,
          null,
          null,
          null,
          null,
          null,
          null,
          null,
          null,
          null,
          null,
          null,
          null,
          null,
          null,
          null,
          null,
          null,
          null,
          null,
          null,
          null,
          null,
          null,
          null,
          null,
          null,
          null,
          null,
          null,
          null,
          null,
          null,
          null,
          null,
          null,
          null,
          null,
          null,
          null,
          null,
          null,
          null,
          null,
          null,
          null,
          null,
          null,
          null,
          null,
          null,
          null,
          null,
          null,
          null,
          null,
          null,
          null,
          null,
          null,
          null,
          null,
          null,
          null,
          null,
          null,
          null,
          null,
          null,
          null,
          null,
          null,
          null,
          null,
          null,
          null,
          null,
          null,
          null,
          null,
          null,
          null,
          null,
          null,
          null,
          null,
          null,
          null,
          null,
          null,
          null,
          null,
          null,
          null,
          null,
          null,
          null,
          null,
          null,
          null,
          null,
          null,
          null,
          null,
          null,
          null,
          null,
          null,
          null,
          null,
          null,
          null,
          null,
          null,
          null,
          null,
          null,
          null,
          null,
          null,
          null,
          null,
          null,
          null,
          null,
          null,
          null,
          null,
          null,
          null,
          null,
          null,
          null,
          null,
          null,
          null,
          null,
          null,
          null,
          null,
          null,
          null,
          null,
          null,
          null,
          null,
          null,
          null,
          null,
          null,
          null,
          null,
          153,
          153,
          null,
          null,
          1,
          3,
          3,
          3,
          null,
          null,
          0,
          null,
          null,
          1,
          5,
          2,
          null,
          2,
          2,
          3,
          3,
          null,
          3,
          2,
          2,
          null,
          1,
          null,
          null,
          null,
          null,
          2,
          null,
          null,
          1,
          2,
          2,
          null,
          1,
          1,
          null,
          null,
          1,
          0,
          null,
          null
        ]
      },
      "/home/austin/ruby/football_manager/app/helpers/tactics_helper.rb": {
        "lines": [
          null,
          null,
          1,
          1,
          null,
          null,
          1665,
          null,
          null
        ]
      },
      "/home/austin/ruby/football_manager/app/controllers/tactics_controller.rb": {
        "lines": [
          null,
          null,
          1,
          1,
          null,
          1,
          1,
          null,
          null,
          1,
          null,
          1,
          1,
          12,
          null,
          null,
          1,
          null,
          1,
          4,
          null,
          4,
          2,
          null,
          null,
          2,
          null,
          null,
          null,
          1,
          3,
          2,
          null,
          null,
          1,
          null,
          null,
          null,
          1,
          2,
          2,
          null,
          null,
          1,
          null,
          1,
          7,
          null,
          null,
          1,
          7,
          null,
          null
        ]
      },
      "/home/austin/ruby/football_manager/app/controllers/application_controller.rb": {
        "lines": [
          null,
          null,
          1,
          null,
          1,
          null
        ]
      },
      "/home/austin/ruby/football_manager/app/services/data_importer.rb": {
        "lines": [
          null,
          null,
          null,
          1,
          1,
          null,
          null,
          1,
          1,
          null,
          null,
          null,
          null,
          null,
          null,
          null,
          null,
          null,
          null,
          null,
          null,
          null,
          null,
          null,
          null,
          null,
          null,
          null,
          null,
          null,
          null,
          null,
          null,
          null,
          null,
          null,
          null,
          null,
          null,
          null,
          null,
          null,
          null,
          null,
          null,
          null,
          null,
          null,
          null,
          null,
          null,
          null,
          null,
          null,
          null,
          null,
          null,
          null,
          1,
          null,
          null,
          null,
          null,
          null,
          null,
          null,
          null,
          1,
          154,
          154,
          154,
          null,
          null,
          null,
          null,
          null,
          null,
          null,
          null,
          null,
          null,
          null,
          null,
          null,
          null,
          null,
          1,
          3,
          null,
          null,
          1,
          6,
          6,
          6,
          null,
          25,
          null,
          5,
          null,
          5,
          32,
          7,
          null,
          null,
          null,
          1,
          3,
          302,
          null,
          null,
          null,
          1,
          4,
          8,
          null,
          4,
          null,
          null,
          null,
          1,
          167,
          null,
          null,
          1,
          2,
          null,
          null,
          1,
          null,
          1,
          4,
          null,
          4,
          null,
          null,
          null,
          null,
          null,
          null,
          null,
          null,
          null,
          null,
          null,
          null,
          null,
          null,
          null,
          null,
          null,
          null,
          null,
          1,
          null,
          4,
          null,
          null,
          null,
          null,
          null,
          null,
          null,
          null,
          null,
          null,
          null,
          null,
          null,
          null,
          null,
          null,
          null,
          null,
          null,
          null,
          null,
          null,
          null,
          null,
          null,
          null,
          null,
          null,
          null,
          null,
          null,
          null,
          null,
          null,
          null,
          null,
          null,
          null,
          null,
          null,
          null,
          null,
          null,
          null,
          null,
          null,
          null,
          null,
          null,
          1,
          169,
          250,
          250,
          23247,
          null,
          250,
          null,
          null,
          null,
          1,
          23247,
          23247,
          null,
          23247,
          1092609,
          1092609,
          null,
          null,
          23247,
          23247,
          null,
          null,
          1,
          null,
          23247,
          23247,
          null,
          23245,
          23245,
          704,
          2237,
          3708,
          1836,
          2448,
          2142,
          3366,
          1071,
          3708,
          1989,
          36,
          null,
          23245,
          null,
          null,
          null,
          23247,
          6,
          null,
          23241,
          6,
          null,
          null,
          23235,
          null,
          null
        ]
      },
      "/home/austin/ruby/football_manager/app/services/role_data.rb": {
        "lines": [
          null,
          null,
          null,
          null,
          1,
          1,
          null,
          168,
          5,
          5,
          5,
          4,
          null,
          null,
          null
        ]
      },
      "/home/austin/ruby/football_manager/app/services/player_progression.rb": {
        "lines": [
          null,
          null,
          1,
          null,
          null,
          1,
          1,
          null,
          null,
          1,
          1,
          1,
          1,
          null,
          1,
          16,
          16,
          16,
          null,
          null,
          1,
          3,
          null,
          null,
          1,
          3,
          null,
          null,
          1,
          151,
          151,
          null,
          151,
          null,
          null,
          1,
          153,
          null,
          153,
          1,
          4,
          null,
          152,
          null,
          null,
          null,
          null,
          1,
          9,
          null,
          null,
          1,
          1,
          null,
          null,
          1,
          1,
          null,
          null,
          1,
          0,
          null,
          null,
          1,
          null,
          1,
          302,
          null,
          null,
          1,
          148,
          null,
          null,
          1,
          155,
          null,
          null,
          null,
          1,
          11,
          148,
          148,
          148,
          148,
          null,
          null,
          148,
          null,
          null,
          null,
          148,
          null,
          null,
          null
        ]
      },
      "/home/austin/ruby/football_manager/app/services/scouted_data_persister.rb": {
        "lines": [
          null,
          null,
          1,
          1,
          null,
          null,
          null,
          3,
          6,
          null,
          null,
          3,
          null,
          null,
          null,
          null,
          null,
          null,
          null,
          null,
          9,
          3,
          null,
          3,
          3,
          3,
          6,
          6,
          null,
          6,
          6,
          6,
          6,
          null,
          null,
          3,
          null,
          null,
          1,
          null,
          1,
          3,
          null,
          null
        ]
      },
      "/home/austin/ruby/football_manager/app/services/squad_analysis_report.rb": {
        "lines": [
          null,
          null,
          1,
          null,
          1,
          null,
          null,
          null,
          null,
          null,
          null,
          null,
          null,
          null,
          null,
          1,
          5,
          5,
          null,
          5,
          null,
          null,
          1,
          null,
          1,
          5,
          5,
          null,
          5,
          null,
          2,
          2,
          null,
          null,
          2,
          null,
          null,
          2,
          null,
          null,
          2,
          null,
          null,
          2,
          null,
          null,
          2,
          null,
          null,
          null,
          1,
          2,
          2,
          null,
          2,
          2,
          2,
          2,
          2,
          null,
          null,
          null,
          1,
          1,
          2,
          null,
          null,
          1,
          5,
          2,
          2,
          2,
          2,
          null,
          null,
          null,
          null,
          null,
          null,
          1,
          3,
          3,
          3,
          3,
          null,
          null,
          null,
          1,
          null,
          4,
          0,
          0,
          0,
          null,
          null,
          2,
          null,
          null,
          null,
          1,
          2,
          null,
          0,
          null,
          null
        ]
      },
      "/home/austin/ruby/football_manager/app/services/squad_data_persister.rb": {
        "lines": [
          null,
          null,
          1,
          1,
          12,
          null,
          null,
          null,
          4,
          null,
          4,
          null,
          null,
          4,
          8,
          null,
          null,
          null,
          null,
          4,
          null,
          null,
          null,
          null,
          null,
          null,
          null,
          null,
          null,
          4,
          null,
          4,
          4,
          4,
          8,
          8,
          null,
          8,
          8,
          8,
          8,
          null,
          null,
          4,
          null,
          null,
          1,
          null,
          1,
          4,
          null,
          null
        ]
      },
      "/home/austin/ruby/football_manager/app/services/team_assigner.rb": {
        "lines": [
          null,
          null,
          null,
          null,
          1,
          1,
          null,
          1,
          1,
          null,
          1,
          null,
          7,
          null,
          null,
          1,
          null,
          24,
          7,
          null,
          null,
          1,
          25,
          5,
          null,
          5,
          26,
          null,
          null,
          null,
          5,
          3,
          3,
          null,
          3,
          15,
          null,
          6,
          null,
          3,
          null,
          null,
          null,
          5,
          null,
          null,
          null,
          1,
          null,
          8,
          3,
          1,
          null,
          null,
          13,
          5,
          null,
          3,
          6,
          3,
          null,
          1,
          null,
          null,
          null,
          1,
          3,
          null,
          3,
          6,
          6,
          null,
          null,
          3,
          3,
          3,
          3,
          null,
          null,
          3,
          3,
          4,
          10,
          null,
          4,
          6,
          4,
          4,
          null,
          2,
          2,
          null,
          null,
          null,
          null,
          3,
          null,
          null,
          1,
          null,
          1,
          24,
          36,
          null,
          null,
          null,
          null,
          1,
          19,
          null,
          19,
          19,
          null,
          19,
          342,
          210,
          null,
          45,
          39,
          39,
          null,
          null,
          19,
          null,
          null
        ]
      },
      "/home/austin/ruby/football_manager/app/models/player.rb": {
        "lines": [
          null,
          null,
          1,
          1,
          null
        ]
      },
      "/home/austin/ruby/football_manager/app/models/application_record.rb": {
        "lines": [
          null,
          null,
          1,
          1,
          null
        ]
      },
      "/home/austin/ruby/football_manager/app/models/player_snapshot.rb": {
        "lines": [
          null,
          null,
          1,
          1,
          null
        ]
      },
      "/home/austin/ruby/football_manager/app/controllers/players_controller.rb": {
        "lines": [
          null,
          null,
          1,
          1,
          1,
          1,
          1,
          null,
          1,
          null,
          null
        ]
      },
      "/home/austin/ruby/football_manager/app/models/role.rb": {
        "lines": [
          null,
          null,
          null,
          1,
          1,
          null,
          1,
          300,
          300,
          300,
          300,
          300,
          300,
          null,
          null,
          1,
          2203200,
          null,
          2157300,
          null,
          null,
          1,
          0,
          null,
          null,
          null,
          null,
          null,
          null,
          null,
          null
        ]
      },
      "/home/austin/ruby/football_manager/app/models/tactic.rb": {
        "lines": [
          null,
          null,
          1,
          1,
          1,
          null,
          null,
          1,
          null
        ]
      },
      "/home/austin/ruby/football_manager/app/models/tactic_role.rb": {
        "lines": [
          null,
          null,
          1,
          1,
          null
        ]
      },
      "/home/austin/ruby/football_manager/app/controllers/scouted_players_controller.rb": {
        "lines": [
          null,
          null,
          1,
          1,
          1,
          1,
          1,
          2,
          1,
          null,
          1,
          1,
          null,
          null,
          null,
          null,
          1,
          null,
          null,
          null,
          null,
          null,
          1,
          null,
          null,
          null,
          1,
          1,
          1,
          1,
          null,
          1,
          1,
          null,
          1,
          null,
          null,
          1,
          0,
          0,
          null,
          0,
          0,
          null,
          null,
          null,
          null,
          1,
          null,
          null,
          null,
          1,
          1,
          1,
          null,
          null,
          1,
          null,
          1,
          1,
          null,
          1,
          1,
          1,
          null,
          1,
          1,
          1,
          null,
          null
        ]
      },
      "/home/austin/ruby/football_manager/app/controllers/squad_analyses_controller.rb": {
        "lines": [
          null,
          null,
          1,
          1,
          null,
          null,
          null,
          1,
          2,
          2,
          2,
          4,
          null,
          null,
          2,
          null,
          null,
          1,
          1,
          1,
          null,
          null,
          1,
          null,
          1,
          1,
          null,
          1,
          1,
          1,
          1,
          null,
          1,
          1,
          1,
          null,
          null
        ]
      },
      "/home/austin/ruby/football_manager/app/jobs/application_job.rb": {
        "lines": [
          null,
          null,
          0,
          null,
          null,
          null,
          null,
          null,
          0
        ],
        "branches": {}
      },
      "/home/austin/ruby/football_manager/app/jobs/process_squad_file_job.rb": {
        "lines": [
          null,
          null,
          0,
          0,
          null,
          0,
          0,
          0,
          null,
          0,
          0,
          0,
          0,
          0
        ],
        "branches": {}
      },
      "/home/austin/ruby/football_manager/app/mailers/application_mailer.rb": {
        "lines": [
          null,
          null,
          0,
          0,
          0,
          0
        ],
        "branches": {}
      }
    },
    "timestamp": 1757259313
  }
}
